INFO         | Android emulator version 36.4.10.0 (build_id 15004761) (CL:N/A)
INFO         | Graphics backend: gfxstream
INFO         | Found systemPath C:\Users\amawi\AppData\Local\Android\Sdk\system-images\android-37.0\google_apis_playstore_ps16k\x86_64\
WARNING      | Please update the emulator to one that supports the feature(s): VulkanVirtualQueue
INFO         | Increasing RAM size to 3072MB
INFO         | IPv4 server found: 192.168.1.1
INFO         | Ignore IPv6 address: 482d:b693:5b01:0:d025:b693:5b01:0
INFO         | Ignore IPv6 address: 482d:b693:5b01:0:d025:b693:5b01:0
INFO         | Ignore IPv6 address: 482d:b693:5b01:0:d025:b693:5b01:0
INFO         | Ignore IPv6 address: 1833:b693:5b01:0:d025:b693:5b01:0
INFO         | Ignore IPv6 address: 1833:b693:5b01:0:d025:b693:5b01:0
INFO         | Ignore IPv6 address: 1833:b693:5b01:0:d025:b693:5b01:0
INFO         | Ignore IPv6 address: f038:b693:5b01:0:d025:b693:5b01:0
INFO         | Ignore IPv6 address: f038:b693:5b01:0:d025:b693:5b01:0
INFO         | Ignore IPv6 address: f038:b693:5b01:0:d025:b693:5b01:0
INFO         | Ignore IPv6 address: 83f:b693:5b01:0:d025:b693:5b01:0
INFO         | Ignore IPv6 address: 83f:b693:5b01:0:d025:b693:5b01:0
INFO         | Ignore IPv6 address: 83f:b693:5b01:0:d025:b693:5b01:0
INFO         | Ignore IPv6 address: b04e:b693:5b01:0:d025:b693:5b01:0
INFO         | Ignore IPv6 address: b04e:b693:5b01:0:d025:b693:5b01:0
INFO         | Ignore IPv6 address: b04e:b693:5b01:0:d025:b693:5b01:0
INFO         | Ignore IPv6 address: d054:b693:5b01:0:d025:b693:5b01:0
INFO         | Ignore IPv6 address: d054:b693:5b01:0:d025:b693:5b01:0
INFO         | Ignore IPv6 address: d054:b693:5b01:0:d025:b693:5b01:0
INFO         | Guest GLES Driver: Auto (ext controls)
INFO         | emuglConfig_init: vulkan_mode_selected:host gles_mode_selected:host
INFO         | emuglConfig_get_vulkan_hardware_gpu_support_info: Found physical GPU 'NVIDIA GeForce RTX 3050 Laptop GPU', type: VK_PHYSICAL_DEVICE_TYPE_DISCRETE_GPU, apiVersion: 1.3.289, driverVersion: 566.7

INFO         | emuglConfig_get_vulkan_hardware_gpu_support_info: Found physical GPU 'AMD Radeon(TM) Graphics', type: VK_PHYSICAL_DEVICE_TYPE_INTEGRATED_GPU, apiVersion: 1.2.182, driverVersion: 2.0.193

INFO         | emuglConfig_get_vulkan_hardware_gpu_support_info: Found physical GPU 'AMD Radeon(TM) Graphics', type: VK_PHYSICAL_DEVICE_TYPE_INTEGRATED_GPU, apiVersion: 1.2.182, driverVersion: 2.0.193

INFO         | Enabled VulkanAllocateHostMemory feature for gpu vendor NVIDIA GeForce RTX 3050 Laptop GPU on Linux

INFO         | Checking system compatibility:
INFO         |   Checking: hasCompatibleHypervisor
INFO         |      Ok: Hypervisor compatibility to run avd: `Pixel_10_Pro` are met
INFO         |   Checking: hasSufficientSystem
INFO         |      Ok: System requirements to run avd: `Pixel_10_Pro` are met
INFO         |   Checking: hasSufficientHwGpu
INFO         |      Ok: Hardware GPU requirements to run avd: `Pixel_10_Pro` are passed
INFO         |   Checking: hasSufficientDiskSpace
INFO         |      Ok: Disk space requirements to run avd: `Pixel_10_Pro` are met
INFO         | Critical: Failed to load opengl32sw (The specified module could not be found.) (:0, )
INFO         | Warning: Software OpenGL failed. Falling back to system OpenGL. (:0, )
INFO         | Storing crashdata in: C:\Users\amawi\AppData\Local\Temp\\AndroidEmulator\emu-crash-36.4.10.db, detection is enabled for process: 17028
INFO         | Initializing gfxstream backend
INFO         | android_startOpenglesRenderer: gpu info
INFO         | GPU #1
  Make: 10de
  Model: NVIDIA GeForce RTX 3050 Laptop GPU
  Device ID: 25a5

INFO         | SharedLibrary::open for [C:\Users\amawi\AppData\Local\Android\Sdk\emulator\qemu\windows-x86_64\lib64\vulkan\vulkan-1.dll]
INFO         | SharedLibrary::open for [C:\Users\amawi\AppData\Local\Android\Sdk\emulator\lib64\vulkan\vulkan-1.dll]
INFO         | Added library: C:\Users\amawi\AppData\Local\Android\Sdk\emulator\lib64\vulkan\vulkan-1.dll
INFO         | Selecting Vulkan device: NVIDIA GeForce RTX 3050 Laptop GPU, Version: 1.3.289
INFO         | Initializing VkEmulation features:
INFO         |     glInteropSupported: true
INFO         |     useDeferredCommands: true
INFO         |     createResourceWithRequirements: true
INFO         |     useVulkanComposition: false
INFO         |     useVulkanNativeSwapchain: false
INFO         |     enable guestRenderDoc: false
INFO         |     ASTC LDR emulation mode: Gpu
INFO         |     enable ETC2 emulation: true
INFO         |     enable Ycbcr emulation: false
INFO         |     guestVulkanOnly: false
INFO         |     useDedicatedAllocations: false
INFO         | Graphics Adapter Vendor Google (NVIDIA Corporation)
INFO         | Graphics Adapter Android Emulator OpenGL ES Translator (NVIDIA GeForce RTX 3050 Laptop GPU/PCIe/SSE2)
INFO         | Graphics API Version OpenGL ES 3.0 (4.5.0 NVIDIA 566.07)
INFO         | Graphics API Extensions GL_OES_EGL_sync GL_OES_EGL_image GL_OES_EGL_image_external GL_OES_depth24 GL_OES_depth32 GL_OES_element_index_uint GL_OES_texture_float GL_OES_texture_float_linear GL_OES_compressed_paletted_texture GL_OES_compressed_ETC1_RGB8_texture GL_OES_depth_texture GL_OES_texture_half_float GL_OES_texture_half_float_linear GL_OES_packed_depth_stencil GL_OES_vertex_half_float GL_OES_texture_npot GL_OES_rgb8_rgba8 GL_OVR_multiview2 GL_EXT_multiview_texture_multisample GL_EXT_color_buffer_float GL_EXT_color_buffer_half_float GL_EXT_texture_format_BGRA8888 GL_APPLE_texture_format_BGRA8888 GL_EXT_texture_buffer 
INFO         | Graphics Device Extensions N/A
INFO         | Disabling sparse binding feature support
INFO         | Sending adb public key [QAAAAJ8w7r2hFDkia+5dA8lV/jukxAiGON/DIioLMeEouqG8GjZtdA2UQUFBRBoaBG/woIakBbVzrT58QiuNseuztgRFEfj2M9TVKC5Hip0IetxHPHEy99PposU7ophCmArJ4ueQ1UwkZK2SWUbjhvw45jHf8fGYQvhjyQ3pErtYGgzV4eKIjd4qwXH7PG43m7WQ+3/ZbK+Z7R1tYZeFWo3k8ECfnakTxS0Wmlf8JSNQG6/pnvXtdog2TF/IOAN6jPi02JMADTLVbEmX3Fz6MFZ+I+/+U2Os7hLxSgXL52gJ5OuGAtWLr11d6L0IoXuClSooPESQ8tUtj9qbIxxFbqXJGotT2ZTH2rZd72cR0faoR/1yPDc4KLDjEMyWBiQylUe6UxuT+QkUmEAgl+6wf4lN2RYaOHL1xYbr0y7jLyh3emB7g/QcriMTIVMbCkG5rU0pdKphBBZU9aprdOckYZ8RVny4ZVUvQGRkjjKmnnKkGnbM24dhEwYzx2qvtsMwFtVdux7BWcD4uUJm+1clICj62i8ErvAanzZwTPYfxvGsq5Q2fFUsrhPmnVWD2wfRZqZ7U1GfZttSVKiqudAXmYrQvqeCN7SCiGU39LFnO/rXY52ZmDI+FCyH0GW8mCDhazCCuMlFdC3Y76/6UwXyhuCfYLABMjTdNqJalw5I/VyLXHRjOzbVIAEAAQA= @unknown]
INFO         | Userspace boot properties:
INFO         |   androidboot.boot_devices=pci0000:00/0000:00:03.0 pci0000:00/0000:00:06.0
INFO         |   androidboot.dalvik.vm.heapsize=576m
INFO         |   androidboot.debug.hwui.renderer=skiagl
INFO         |   androidboot.hardware=ranchu
INFO         |   androidboot.hardware.gltransport=pipe
INFO         |   androidboot.hardware.vulkan=ranchu
INFO         |   androidboot.logcat=*:V
INFO         |   androidboot.opengles.version=196609
INFO         |   androidboot.qemu=1
INFO         |   androidboot.qemu.adb.pubkey=QAAAAJ8w7r2hFDkia+5dA8lV/jukxAiGON/DIioLMeEouqG8GjZtdA2UQUFBRBoaBG/woIakBbVzrT58QiuNseuztgRFEfj2M9TVKC5Hip0IetxHPHEy99PposU7ophCmArJ4ueQ1UwkZK2SWUbjhvw45jHf8fGYQvhjyQ3pErtYGgzV4eKIjd4qwXH7PG43m7WQ+3/ZbK+Z7R1tYZeFWo3k8ECfnakTxS0Wmlf8JSNQG6/pnvXtdog2TF/IOAN6jPi02JMADTLVbEmX3Fz6MFZ+I+/+U2Os7hLxSgXL52gJ5OuGAtWLr11d6L0IoXuClSooPESQ8tUtj9qbIxxFbqXJGotT2ZTH2rZd72cR0faoR/1yPDc4KLDjEMyWBiQylUe6UxuT+QkUmEAgl+6wf4lN2RYaOHL1xYbr0y7jLyh3emB7g/QcriMTIVMbCkG5rU0pdKphBBZU9aprdOckYZ8RVny4ZVUvQGRkjjKmnnKkGnbM24dhEwYzx2qvtsMwFtVdux7BWcD4uUJm+1clICj62i8ErvAanzZwTPYfxvGsq5Q2fFUsrhPmnVWD2wfRZqZ7U1GfZttSVKiqudAXmYrQvqeCN7SCiGU39LFnO/rXY52ZmDI+FCyH0GW8mCDhazCCuMlFdC3Y76/6UwXyhuCfYLABMjTdNqJalw5I/VyLXHRjOzbVIAEAAQA= @unknown
INFO         |   androidboot.qemu.avd_name=Pixel_10_Pro
INFO         |   androidboot.qemu.camera_hq_edge_processing=0
INFO         |   androidboot.qemu.camera_protocol_ver=1
INFO         |   androidboot.qemu.cpuvulkan.version=4202496
INFO         |   androidboot.qemu.gltransport.drawFlushInterval=800
INFO         |   androidboot.qemu.gltransport.name=pipe
INFO         |   androidboot.qemu.hwcodec.avcdec=2
INFO         |   androidboot.qemu.hwcodec.hevcdec=2
INFO         |   androidboot.qemu.hwcodec.vpxdec=2
INFO         |   androidboot.qemu.settings.system.screen_off_timeout=2147483647
INFO         |   androidboot.qemu.skin=pixel_10_pro
INFO         |   androidboot.qemu.virtiowifi=1
INFO         |   androidboot.qemu.vsync=60
INFO         |   androidboot.serialno=EMULATOR36X4X10X0
INFO         |   androidboot.vbmeta.digest=494ad6b67f7783f71d180a15ea0706825322d7a77e7ca130502c76c191c3d148
INFO         |   androidboot.vbmeta.hash_alg=sha256
INFO         |   androidboot.vbmeta.size=6848
INFO         |   androidboot.veritymode=enforcing
AEHD is operational
host doesn't support requested feature: CPUID.01H:ECX.xsave [bit 26]
host doesn't support requested feature: CPUID.01H:ECX.avx [bit 28]
host doesn't support requested feature: CPUID.01H:ECX.xsave [bit 26]
host doesn't support requested feature: CPUID.01H:ECX.avx [bit 28]netsimd I 07-21 00:54:28.574 daemon\src\rust_main.rs:100 - netsim artifacts path: "C:\\Users\\amawi\\AppData\\Local\\Temp\\netsimd"

netsimd I 07-21 00:54:28.574 daemon\src\rust_main.rs:103 - NetsimdArgs {
    fd_startup_str: None,
    no_cli_ui: true,
    no_web_ui: true,
    pcap: false,
    disable_address_reuse: false,
    hci_port: None,
    connector_instance: None,
    instance: None,
    logtostderr: false,
    dev: false,
    forward_host_mdns: false,
    vsock: None,
    config: None,
    host_dns: Some(
        "192.168.1.1",
    ),
    http_proxy: None,
    wifi_tap: None,
    wifi: None,
    test_beacons: false,
    no_test_beacons: false,
    no_shutdown: false,
    verbose: false,
    version: false,
    debug: DebugArgs {
        debug_no_traffic: false,
        debug_no_network: false,
        debug_no_wmedium: false,
        debug_no_mdns_wmedium: false,
        debug_no_guest_to_host_mdns: false,
    },
    rssi: None,
}
host doesn't support requested feature: CPUID.01H:ECX.xsave [bit 26]
host doesn't support requested feature: CPUID.01H:ECX.avx [bit 28]
host doesn't support requested feature: CPUID.01H:ECX.xsave [bit 26]
host doesn't support requested feature: CPUID.01H:ECX.avx [bit 28]
INFO         | Monitoring duration of emulator setup.
WARNING      | The emulator now requires a signed jwt token for gRPC access! Use the -grpc flag if you really want an open unprotected grpc port
INFO         | Using security allow list from: C:\Users\amawi\AppData\Local\Android\Sdk\emulator\lib\emulator_access.json
WARNING      | *** Basic token auth should only be used by android-studio ***
INFO         | The active JSON Web Key Sets can be found here: C:\Users\amawi\AppData\Local\Temp\avd\running\17028\jwks\69895413-5225-4dc5-ac6b-a64567d98ef2\active.jwk
INFO         | Scanning C:\Users\amawi\AppData\Local\Temp\avd\running\17028\jwks\69895413-5225-4dc5-ac6b-a64567d98ef2 for jwk keys.
INFO         | Started GRPC server at 127.0.0.1:8554, security: Local, auth: +token
INFO         | Advertising in: C:\Users\amawi\AppData\Local\Temp\avd\running\pid_17028.ini
INFO         | Setting display: 0 configuration to: 1280x2856, dpi: 480x480 
INFO         | setDisplayActiveConfig 0
INFO         | Checking system compatibility:
INFO         |   Checking: hasCompatibleHypervisor
INFO         |      Ok: Hypervisor compatibility to run avd: `Pixel_10_Pro` are met
INFO         |   Checking: hasSufficientSystem
INFO         |      Ok: System requirements to run avd: `Pixel_10_Pro` are met
INFO         |   Checking: hasSufficientHwGpu
INFO         |      Ok: Hardware GPU requirements to run avd: `Pixel_10_Pro` are passed
INFO         |   Checking: hasSufficientDiskSpace
INFO         |      Ok: Disk space requirements to run avd: `Pixel_10_Pro` are met
USER_INFO    | Emulator is performing a full startup. This may take upto two minutes, or more.
INFO         | Warning: QMetaObject::connectSlotsByName: No matching signal for on_rgbcSensorValueWidget_valueChanged() (:0, )
INFO         | Warning: QMetaObject::connectSlotsByName: No matching signal for on_posture_valueChanged(int) (:0, )
INFO         | Warning: QObject::connect: Cannot queue arguments of type 'std::vector<android::emulation::control::SnapshotInfo>'
(Make sure 'std::vector<android::emulation::control::SnapshotInfo>' is registered using qRegisterMetaType().) (:0, )
INFO         | AVD supportsNativeGLES=1, supportsGuestAngle=1
INFO         | Guest Angle is still unstable for API > 35.
INFO         | Created extended window in 584.346ms
INFO         | Activated packet streamer for uwb emulation
INFO         | Activated packet streamer for bluetooth emulation
WARNING      | adb command 'C:\Users\amawi\AppData\Local\Android\Sdk\platform-tools\adb.exe -s emulator-5554 shell getprop sys.boot_completed ' failed: 'adb.exe: device offline'
WARNING      | adb command 'C:\Users\amawi\AppData\Local\Android\Sdk\platform-tools\adb.exe -s emulator-5554 shell getprop sys.boot_completed ' failed: 'adb.exe: device offline'
INFO         | Critical: UpdateLayeredWindowIndirect failed for ptDst=(184, 100), size=(300x21), dirty=(300x21 0, 0) (A device attached to the system is not functioning.) (:0, )
WARNING      | adb command 'C:\Users\amawi\AppData\Local\Android\Sdk\platform-tools\adb.exe -s emulator-5554 shell getprop sys.boot_completed ' failed: 'adb.exe: device offline'
WARNING      | adb command 'C:\Users\amawi\AppData\Local\Android\Sdk\platform-tools\adb.exe -s emulator-5554 shell getprop sys.boot_completed ' failed: 'adb.exe: device offline'
INFO         | Wait for emulator (pid 17028) 20 seconds to shutdown gracefully before kill;you can set environment variable ANDROID_EMULATOR_WAIT_TIME_BEFORE_KILL(in seconds) to change the default value (20 seconds)

INFO         | Saving with gfxstream=1
INFO         | Saving snapshot 'default_boot' using 680 ms
